\BOOKMARK [1][-]{section.1}{\376\377\000I\000n\000t\000r\000o\000d\000u\000c\000t\000i\000o\000n}{}% 1
\BOOKMARK [1][-]{section.2}{\376\377\000R\000e\000l\000a\000t\000e\000d\000\040\000W\000o\000r\000k}{}% 2
\BOOKMARK [2][-]{subsection.2.1}{\376\377\000N\000e\000u\000r\000a\000l\000\040\000O\000D\000E\000s\000\040\000a\000n\000d\000\040\000S\000D\000E\000s\000\040\000f\000o\000r\000\040\000R\000e\000g\000i\000s\000t\000r\000a\000t\000i\000o\000n}{section.2}% 3
\BOOKMARK [2][-]{subsection.2.2}{\376\377\000U\000n\000c\000e\000r\000t\000a\000i\000n\000t\000y\000\040\000Q\000u\000a\000n\000t\000i\000f\000i\000c\000a\000t\000i\000o\000n\000\040\000i\000n\000\040\000N\000e\000u\000r\000a\000l\000\040\000S\000D\000E\000s}{section.2}% 4
\BOOKMARK [2][-]{subsection.2.3}{\376\377\000F\000o\000u\000n\000d\000a\000t\000i\000o\000n\000\040\000M\000o\000d\000e\000l\000s\000\040\000f\000o\000r\000\040\000C\000a\000r\000d\000i\000a\000c\000\040\000M\000R\000I}{section.2}% 5
\BOOKMARK [2][-]{subsection.2.4}{\376\377\000C\000a\000r\000d\000i\000a\000c\000\040\000F\000u\000n\000c\000t\000i\000o\000n\000\040\000A\000s\000s\000e\000s\000s\000m\000e\000n\000t}{section.2}% 6
\BOOKMARK [2][-]{subsection.2.5}{\376\377\000C\000o\000n\000f\000o\000r\000m\000a\000l\000\040\000P\000r\000e\000d\000i\000c\000t\000i\000o\000n\000\040\000a\000n\000d\000\040\000P\000r\000e\000d\000i\000c\000t\000i\000o\000n\000\040\000B\000a\000n\000d\000s}{section.2}% 7
\BOOKMARK [1][-]{section.3}{\376\377\000P\000r\000o\000p\000o\000s\000e\000d\000\040\000F\000r\000a\000m\000e\000w\000o\000r\000k}{}% 8
\BOOKMARK [2][-]{subsection.3.1}{\376\377\000P\000r\000o\000b\000l\000e\000m\000\040\000F\000o\000r\000m\000u\000l\000a\000t\000i\000o\000n}{section.3}% 9
\BOOKMARK [2][-]{subsection.3.2}{\376\377\000C\000i\000n\000e\000M\000A\000\040\000E\000n\000c\000o\000d\000e\000r\000\040\000a\000s\000\040\000O\000b\000s\000e\000r\000v\000a\000t\000i\000o\000n\000\040\000M\000o\000d\000e\000l}{section.3}% 10
\BOOKMARK [3][-]{subsubsection.3.2.1}{\376\377\000D\000a\000t\000a\000-\000D\000r\000i\000v\000e\000n\000\040\000O\000b\000s\000e\000r\000v\000a\000t\000i\000o\000n\000\040\000C\000o\000v\000a\000r\000i\000a\000n\000c\000e\000\040\000v\000i\000a\000\040\000C\000-\000U\000N\000S\000U\000R\000E}{subsection.3.2}% 11
\BOOKMARK [2][-]{subsection.3.3}{\376\377\000N\000e\000u\000r\000a\000l\000\040\000S\000D\000E\000\040\000f\000o\000r\000\040\000C\000a\000r\000d\000i\000a\000c\000\040\000D\000e\000f\000o\000r\000m\000a\000t\000i\000o\000n}{section.3}% 12
\BOOKMARK [2][-]{subsection.3.4}{\376\377\000C\000V\000R\000N\000N\000\040\000U\000p\000d\000a\000t\000e\000\040\000a\000t\000\040\000O\000b\000s\000e\000r\000v\000e\000d\000\040\000F\000r\000a\000m\000e\000s}{section.3}% 13
\BOOKMARK [2][-]{subsection.3.5}{\376\377\000A\000n\000a\000l\000y\000t\000i\000c\000a\000l\000\040\000U\000n\000c\000e\000r\000t\000a\000i\000n\000t\000y\000\040\000P\000r\000o\000p\000a\000g\000a\000t\000i\000o\000n}{section.3}% 14
\BOOKMARK [3][-]{subsubsection.3.5.1}{\376\377\000O\000u\000t\000p\000u\000t\000\040\000T\000r\000a\000n\000s\000f\000o\000r\000m\000a\000t\000i\000o\000n}{subsection.3.5}% 15
\BOOKMARK [2][-]{subsection.3.6}{\376\377\000T\000r\000a\000i\000n\000i\000n\000g\000\040\000O\000b\000j\000e\000c\000t\000i\000v\000e\000\040\000f\000o\000r\000\040\000D\000e\000f\000o\000r\000m\000a\000t\000i\000o\000n\000\040\000F\000i\000e\000l\000d\000s}{section.3}% 16
\BOOKMARK [2][-]{subsection.3.7}{\376\377\000T\000r\000a\000i\000n\000i\000n\000g\000\040\000P\000r\000o\000c\000e\000d\000u\000r\000e}{section.3}% 17
\BOOKMARK [1][-]{section.4}{\376\377\000F\000r\000o\000m\000\040\000D\000e\000f\000o\000r\000m\000a\000t\000i\000o\000n\000\040\000U\000n\000c\000e\000r\000t\000a\000i\000n\000t\000y\000\040\000t\000o\000\040\000C\000l\000i\000n\000i\000c\000a\000l\000\040\000M\000e\000t\000r\000i\000c\000\040\000P\000r\000e\000d\000i\000c\000t\000i\000o\000n\000\040\000B\000a\000n\000d\000s}{}% 18
\BOOKMARK [2][-]{subsection.4.1}{\376\377\000G\000e\000n\000e\000r\000a\000l\000\040\000P\000r\000o\000p\000a\000g\000a\000t\000i\000o\000n\000\040\000R\000u\000l\000e}{section.4}% 19
\BOOKMARK [2][-]{subsection.4.2}{\376\377\000E\000j\000e\000c\000t\000i\000o\000n\000\040\000F\000r\000a\000c\000t\000i\000o\000n\000\040\000\050\000E\000F\000\051}{section.4}% 20
\BOOKMARK [2][-]{subsection.4.3}{\376\377\000R\000e\000g\000i\000o\000n\000a\000l\000\040\000W\000a\000l\000l\000\040\000M\000o\000t\000i\000o\000n}{section.4}% 21
\BOOKMARK [2][-]{subsection.4.4}{\376\377\000M\000y\000o\000c\000a\000r\000d\000i\000a\000l\000\040\000S\000t\000r\000a\000i\000n}{section.4}% 22
\BOOKMARK [2][-]{subsection.4.5}{\376\377\000P\000r\000e\000d\000i\000c\000t\000i\000o\000n\000\040\000B\000a\000n\000d\000\040\000C\000o\000n\000s\000t\000r\000u\000c\000t\000i\000o\000n}{section.4}% 23
\BOOKMARK [2][-]{subsection.4.6}{\376\377\000P\000a\000t\000h\000o\000l\000o\000g\000y\000\040\000P\000r\000e\000d\000i\000c\000t\000i\000o\000n\000\040\000f\000r\000o\000m\000\040\000C\000l\000i\000n\000i\000c\000a\000l\000\040\000U\000n\000c\000e\000r\000t\000a\000i\000n\000t\000y}{section.4}% 24
\BOOKMARK [1][-]{section.5}{\376\377\000C\000o\000m\000p\000l\000e\000t\000e\000\040\000A\000l\000g\000o\000r\000i\000t\000h\000m}{}% 25
\BOOKMARK [1][-]{section.6}{\376\377\000E\000x\000p\000e\000r\000i\000m\000e\000n\000t\000a\000l\000\040\000D\000e\000s\000i\000g\000n}{}% 26
\BOOKMARK [2][-]{subsection.6.1}{\376\377\000D\000a\000t\000a\000s\000e\000t}{section.6}% 27
\BOOKMARK [2][-]{subsection.6.2}{\376\377\000B\000a\000s\000e\000l\000i\000n\000e\000s}{section.6}% 28
\BOOKMARK [2][-]{subsection.6.3}{\376\377\000E\000v\000a\000l\000u\000a\000t\000i\000o\000n\000\040\000M\000e\000t\000r\000i\000c\000s}{section.6}% 29
\BOOKMARK [2][-]{subsection.6.4}{\376\377\000E\000x\000p\000e\000c\000t\000e\000d\000\040\000R\000e\000s\000u\000l\000t\000s}{section.6}% 30
\BOOKMARK [1][-]{section.7}{\376\377\000D\000i\000s\000c\000u\000s\000s\000i\000o\000n}{}% 31
\BOOKMARK [2][-]{subsection.7.1}{\376\377\000A\000d\000v\000a\000n\000t\000a\000g\000e\000s\000\040\000o\000v\000e\000r\000\040\000M\000o\000n\000t\000e\000\040\000C\000a\000r\000l\000o\000\040\000U\000Q}{section.7}% 32
\BOOKMARK [2][-]{subsection.7.2}{\376\377\000C\000o\000m\000p\000a\000r\000i\000s\000o\000n\000\040\000w\000i\000t\000h\000\040\000C\000o\000n\000f\000o\000r\000m\000a\000l\000\040\000P\000r\000e\000d\000i\000c\000t\000i\000o\000n}{section.7}% 33
\BOOKMARK [2][-]{subsection.7.3}{\376\377\000L\000i\000m\000i\000t\000a\000t\000i\000o\000n\000s\000\040\000a\000n\000d\000\040\000F\000u\000t\000u\000r\000e\000\040\000W\000o\000r\000k}{section.7}% 34
\BOOKMARK [1][-]{section.8}{\376\377\000C\000o\000n\000c\000l\000u\000s\000i\000o\000n}{}% 35
